<?xml version="1.0" encoding="UTF-8"?>
<testng-results skipped="0" failed="0" total="1" passed="1">
  <reporter-output>
  </reporter-output>
  <suite name="Default suite" duration-ms="1872" started-at="2018-01-04T23:28:48Z" finished-at="2018-01-04T23:28:50Z">
    <groups>
    </groups>
    <test name="Default test" duration-ms="1872" started-at="2018-01-04T23:28:48Z" finished-at="2018-01-04T23:28:50Z">
      <class name="com.qa.tests.PostAPITest">
        <test-method status="PASS" signature="setUP()[pri:0, instance:com.qa.tests.PostAPITest@1810399e]" name="setUP" is-config="true" duration-ms="12" started-at="2018-01-04T18:28:48Z" finished-at="2018-01-04T18:28:48Z">
          <reporter-output>
          </reporter-output>
        </test-method> <!-- setUP -->
        <test-method status="PASS" signature="postAPITest()[pri:0, instance:com.qa.tests.PostAPITest@1810399e]" name="postAPITest" duration-ms="1834" started-at="2018-01-04T18:28:48Z" finished-at="2018-01-04T18:28:50Z">
          <reporter-output>
          </reporter-output>
        </test-method> <!-- postAPITest -->
      </class> <!-- com.qa.tests.PostAPITest -->
    </test> <!-- Default test -->
  </suite> <!-- Default suite -->
</testng-results>
